src/app/api/transactions/metrics/route.ts(71,53): error TS2345: Argument of type 'string | null' is not assignable to parameter of type 'string'.
  Type 'null' is not assignable to type 'string'.
src/app/dashboard/team/page.tsx(178,126): error TS2339: Property 'email' does not exist on type 'TeamMember'.
src/features/admin/actions/adminActions.ts(456,17): error TS2322: Type 'string | null | undefined' is not assignable to type 'string | undefined'.
  Type 'null' is not assignable to type 'string | undefined'.
src/features/admin/components/FinanceCharts.tsx(81,33): error TS2322: Type '(value: number) => [string, "Deuda"]' is not assignable to type 'Formatter<number, "Deuda"> & ((value: number, name: "Deuda", item: Payload<number, "Deuda">, index: number, payload: Payload<number, "Deuda">[]) => ReactNode | [...])'.
  Type '(value: number) => [string, "Deuda"]' is not assignable to type 'Formatter<number, "Deuda">'.
    Types of parameters 'value' and 'value' are incompatible.
      Type 'number | undefined' is not assignable to type 'number'.
        Type 'undefined' is not assignable to type 'number'.
src/features/admin/hooks/useAdmin.ts(54,37): error TS7006: Parameter 'org' implicitly has an 'any' type.
src/features/admin/hooks/useAdmin.ts(55,63): error TS7006: Parameter 'b' implicitly has an 'any' type.
src/features/admin/hooks/useAdmin.ts(57,57): error TS7006: Parameter 'b' implicitly has an 'any' type.
src/features/admin/hooks/useAdmin.ts(100,22): error TS7006: Parameter 'p' implicitly has an 'any' type.
src/features/admin/hooks/useAdmin.ts(101,26): error TS7006: Parameter 'id' implicitly has an 'any' type.
src/features/admin/hooks/useAdmin.ts(113,37): error TS7006: Parameter 'p' implicitly has an 'any' type.
src/features/admin/hooks/useAdmin.ts(118,33): error TS7006: Parameter 'profile' implicitly has an 'any' type.
src/features/clients/actions/clientActions.ts(191,39): error TS2352: Conversion of type 'SelectQueryError<"Invalid Relationships cannot infer result type"> | SelectQueryError<"Invalid RelationName cannot infer result type">' to type 'Client' may be a mistake because neither type sufficiently overlaps with the other. If this was intentional, convert the expression to 'unknown' first.
  Type '{ error: true; } & String' is missing the following properties from type 'Client': id, organization_id, agent_id, first_name, and 17 more.
src/features/crm/actions/personActions.ts(157,39): error TS2352: Conversion of type 'SelectQueryError<"Invalid Relationships cannot infer result type"> | SelectQueryError<"Invalid RelationName cannot infer result type">' to type 'Person' may be a mistake because neither type sufficiently overlaps with the other. If this was intentional, convert the expression to 'unknown' first.
  Type '{ error: true; } & String' is missing the following properties from type 'Person': id, organization_id, agent_id, first_name, and 25 more.
src/features/crm/actions/personActions.ts(418,39): error TS2352: Conversion of type '(SelectQueryError<"Invalid Relationships cannot infer result type"> | SelectQueryError<"Invalid RelationName cannot infer result type">)[]' to type 'Person[]' may be a mistake because neither type sufficiently overlaps with the other. If this was intentional, convert the expression to 'unknown' first.
  Type 'SelectQueryError<"Invalid Relationships cannot infer result type"> | SelectQueryError<"Invalid RelationName cannot infer result type">' is not comparable to type 'Person'.
    Type '{ error: true; } & String' is missing the following properties from type 'Person': id, organization_id, agent_id, first_name, and 25 more.
src/features/dashboard/hooks/useDashboard.ts(54,49): error TS7006: Parameter 'sum' implicitly has an 'any' type.
src/features/dashboard/hooks/useDashboard.ts(54,54): error TS7006: Parameter 't' implicitly has an 'any' type.
src/features/dashboard/hooks/useDashboard.ts(55,49): error TS7006: Parameter 'sum' implicitly has an 'any' type.
src/features/dashboard/hooks/useDashboard.ts(55,54): error TS7006: Parameter 't' implicitly has an 'any' type.
src/features/transactions/actions/closings.ts(104,26): error TS2352: Conversion of type '{ id: string; organization_id: string; property_id: string | null; agent_id: string; transaction_date: string; actual_price: number; sides: number; commission_percentage: number; agent_split_percentage: number; ... 16 more ...; seller_person: SelectQueryError<...>; }[]' to type 'TransactionWithRelations[]' may be a mistake because neither type sufficiently overlaps with the other. If this was intentional, convert the expression to 'unknown' first.
  Type '{ id: string; organization_id: string; property_id: string | null; agent_id: string; transaction_date: string; actual_price: number; sides: number; commission_percentage: number; agent_split_percentage: number; ... 16 more ...; seller_person: SelectQueryError<...>; }' is missing the following properties from type 'TransactionWithRelations': buyer_person_id, seller_person_id, custom_property_title
src/features/weekly-activities/actions/activityActions.ts(259,29): error TS2352: Conversion of type 'SelectQueryError<"Invalid Relationships cannot infer result type"> | SelectQueryError<"Invalid RelationName cannot infer result type">' to type '{ role: string; organization_id: string; }' may be a mistake because neither type sufficiently overlaps with the other. If this was intentional, convert the expression to 'unknown' first.
  Type '{ error: true; } & String' is missing the following properties from type '{ role: string; organization_id: string; }': role, organization_id
src/features/weekly-activities/actions/activityActions.ts(260,31): error TS2352: Conversion of type 'SelectQueryError<"Invalid Relationships cannot infer result type"> | SelectQueryError<"Invalid RelationName cannot infer result type">' to type '{ organization_id: string; reports_to_organization_id: string | null; }' may be a mistake because neither type sufficiently overlaps with the other. If this was intentional, convert the expression to 'unknown' first.
  Type '{ error: true; } & String' is missing the following properties from type '{ organization_id: string; reports_to_organization_id: string | null; }': organization_id, reports_to_organization_id
