src/app/api/transactions/metrics/route.ts(71,53): error TS2345: Argument of type 'string | null' is not assignable to parameter of type 'string'.
  Type 'null' is not assignable to type 'string'.
src/app/dashboard/team/page.tsx(178,126): error TS2339: Property 'email' does not exist on type 'TeamMember'.
src/features/admin/actions/adminActions.ts(399,23): error TS2769: No overload matches this call.
  Overload 1 of 2, '(relation: "profiles" | "organizations" | "clients" | "property_types" | "property_statuses" | "properties" | "organization_addresses" | "client_interactions" | "property_interests" | "billing_records" | "transactions" | "activities"): PostgrestQueryBuilder<...>', gave the following error.
    Argument of type '"profile_supervisors"' is not assignable to parameter of type '"profiles" | "organizations" | "clients" | "property_types" | "property_statuses" | "properties" | "organization_addresses" | "client_interactions" | "property_interests" | "billing_records" | "transactions" | "activities"'.
  Overload 2 of 2, '(relation: "view_financial_metrics"): PostgrestQueryBuilder<{ PostgrestVersion: "12"; }, { Tables: { clients: { Row: { agent_id: string; client_type: string | null; created_at: string | null; email: string | null; ... 10 more ...; updated_at: string | null; }; Insert: { ...; }; Update: { ...; }; Relationships: [...]; }; ... 10 more ...; activities: { ...; }; }; Views: { ...; }; Functions: { ...; }; Enums: { ...; }; CompositeTypes: {}; }, { ...; }, "view_financial_metrics", []>', gave the following error.
    Argument of type '"profile_supervisors"' is not assignable to parameter of type '"view_financial_metrics"'.
src/features/admin/actions/adminActions.ts(400,25): error TS2769: No overload matches this call.
  Overload 1 of 2, '(values: { agent_id: string; client_type?: string | null | undefined; created_at?: string | null | undefined; email?: string | null | undefined; first_name: string; id?: string | undefined; ... 8 more ...; updated_at?: string | ... 1 more ... | undefined; } | ... 10 more ... | { ...; }, options?: { ...; } | undefined): PostgrestFilterBuilder<...>', gave the following error.
    Argument of type '{ agent_id: string; supervisor_id: string; }[]' is not assignable to parameter of type '{ agent_id: string; client_type?: string | null | undefined; created_at?: string | null | undefined; email?: string | null | undefined; first_name: string; id?: string | undefined; last_name: string; ... 7 more ...; updated_at?: string | ... 1 more ... | undefined; } | ... 10 more ... | { ...; }'.
  Overload 2 of 2, '(values: ({ agent_id: string; client_type?: string | null | undefined; created_at?: string | null | undefined; email?: string | null | undefined; first_name: string; id?: string | undefined; ... 8 more ...; updated_at?: string | ... 1 more ... | undefined; } | ... 10 more ... | { ...; })[], options?: { ...; } | undefined): PostgrestFilterBuilder<...>', gave the following error.
    Argument of type '{ agent_id: string; supervisor_id: string; }[]' is not assignable to parameter of type '({ agent_id: string; client_type?: string | null | undefined; created_at?: string | null | undefined; email?: string | null | undefined; first_name: string; id?: string | undefined; last_name: string; ... 7 more ...; updated_at?: string | ... 1 more ... | undefined; } | ... 10 more ... | { ...; })[]'.
      Type '{ agent_id: string; supervisor_id: string; }' is not assignable to type '{ agent_id: string; client_type?: string | null | undefined; created_at?: string | null | undefined; email?: string | null | undefined; first_name: string; id?: string | undefined; last_name: string; ... 7 more ...; updated_at?: string | ... 1 more ... | undefined; } | ... 10 more ... | { ...; }'.
        Type '{ agent_id: string; supervisor_id: string; }' is missing the following properties from type '{ agent_id: string; client_id?: string | null | undefined; created_at?: string | null | undefined; date: string; id?: string | undefined; notes?: string | null | undefined; organization_id: string; ... 4 more ...; updated_at?: string | ... 1 more ... | undefined; }': date, organization_id, type
src/features/admin/actions/adminActions.ts(456,17): error TS2322: Type 'string | null | undefined' is not assignable to type 'string | undefined'.
  Type 'null' is not assignable to type 'string | undefined'.
src/features/admin/actions/adminActions.ts(493,19): error TS2769: No overload matches this call.
  Overload 1 of 2, '(relation: "profiles" | "organizations" | "clients" | "property_types" | "property_statuses" | "properties" | "organization_addresses" | "client_interactions" | "property_interests" | "billing_records" | "transactions" | "activities"): PostgrestQueryBuilder<...>', gave the following error.
    Argument of type '"profile_supervisors"' is not assignable to parameter of type '"profiles" | "organizations" | "clients" | "property_types" | "property_statuses" | "properties" | "organization_addresses" | "client_interactions" | "property_interests" | "billing_records" | "transactions" | "activities"'.
  Overload 2 of 2, '(relation: "view_financial_metrics"): PostgrestQueryBuilder<{ PostgrestVersion: "12"; }, { Tables: { clients: { Row: { agent_id: string; client_type: string | null; created_at: string | null; email: string | null; ... 10 more ...; updated_at: string | null; }; Insert: { ...; }; Update: { ...; }; Relationships: [...]; }; ... 10 more ...; activities: { ...; }; }; Views: { ...; }; Functions: { ...; }; Enums: { ...; }; CompositeTypes: {}; }, { ...; }, "view_financial_metrics", []>', gave the following error.
    Argument of type '"profile_supervisors"' is not assignable to parameter of type '"view_financial_metrics"'.
src/features/admin/actions/adminActions.ts(508,23): error TS2769: No overload matches this call.
  Overload 1 of 2, '(relation: "profiles" | "organizations" | "clients" | "property_types" | "property_statuses" | "properties" | "organization_addresses" | "client_interactions" | "property_interests" | "billing_records" | "transactions" | "activities"): PostgrestQueryBuilder<...>', gave the following error.
    Argument of type '"profile_supervisors"' is not assignable to parameter of type '"profiles" | "organizations" | "clients" | "property_types" | "property_statuses" | "properties" | "organization_addresses" | "client_interactions" | "property_interests" | "billing_records" | "transactions" | "activities"'.
  Overload 2 of 2, '(relation: "view_financial_metrics"): PostgrestQueryBuilder<{ PostgrestVersion: "12"; }, { Tables: { clients: { Row: { agent_id: string; client_type: string | null; created_at: string | null; email: string | null; ... 10 more ...; updated_at: string | null; }; Insert: { ...; }; Update: { ...; }; Relationships: [...]; }; ... 10 more ...; activities: { ...; }; }; Views: { ...; }; Functions: { ...; }; Enums: { ...; }; CompositeTypes: {}; }, { ...; }, "view_financial_metrics", []>', gave the following error.
    Argument of type '"profile_supervisors"' is not assignable to parameter of type '"view_financial_metrics"'.
src/features/admin/actions/adminActions.ts(509,25): error TS2769: No overload matches this call.
  Overload 1 of 2, '(values: { agent_id: string; client_type?: string | null | undefined; created_at?: string | null | undefined; email?: string | null | undefined; first_name: string; id?: string | undefined; ... 8 more ...; updated_at?: string | ... 1 more ... | undefined; } | ... 10 more ... | { ...; }, options?: { ...; } | undefined): PostgrestFilterBuilder<...>', gave the following error.
    Argument of type '{ agent_id: string; supervisor_id: string; }[]' is not assignable to parameter of type '{ agent_id: string; client_type?: string | null | undefined; created_at?: string | null | undefined; email?: string | null | undefined; first_name: string; id?: string | undefined; last_name: string; ... 7 more ...; updated_at?: string | ... 1 more ... | undefined; } | ... 10 more ... | { ...; }'.
  Overload 2 of 2, '(values: ({ agent_id: string; client_type?: string | null | undefined; created_at?: string | null | undefined; email?: string | null | undefined; first_name: string; id?: string | undefined; ... 8 more ...; updated_at?: string | ... 1 more ... | undefined; } | ... 10 more ... | { ...; })[], options?: { ...; } | undefined): PostgrestFilterBuilder<...>', gave the following error.
    Argument of type '{ agent_id: string; supervisor_id: string; }[]' is not assignable to parameter of type '({ agent_id: string; client_type?: string | null | undefined; created_at?: string | null | undefined; email?: string | null | undefined; first_name: string; id?: string | undefined; last_name: string; ... 7 more ...; updated_at?: string | ... 1 more ... | undefined; } | ... 10 more ... | { ...; })[]'.
      Type '{ agent_id: string; supervisor_id: string; }' is not assignable to type '{ agent_id: string; client_type?: string | null | undefined; created_at?: string | null | undefined; email?: string | null | undefined; first_name: string; id?: string | undefined; last_name: string; ... 7 more ...; updated_at?: string | ... 1 more ... | undefined; } | ... 10 more ... | { ...; }'.
        Type '{ agent_id: string; supervisor_id: string; }' is missing the following properties from type '{ agent_id: string; client_id?: string | null | undefined; created_at?: string | null | undefined; date: string; id?: string | undefined; notes?: string | null | undefined; organization_id: string; ... 4 more ...; updated_at?: string | ... 1 more ... | undefined; }': date, organization_id, type
src/features/admin/actions/adminActions.ts(799,19): error TS2769: No overload matches this call.
  Overload 1 of 2, '(relation: "profiles" | "organizations" | "clients" | "property_types" | "property_statuses" | "properties" | "organization_addresses" | "client_interactions" | "property_interests" | "billing_records" | "transactions" | "activities"): PostgrestQueryBuilder<...>', gave the following error.
    Argument of type '"agent_objectives"' is not assignable to parameter of type '"profiles" | "organizations" | "clients" | "property_types" | "property_statuses" | "properties" | "organization_addresses" | "client_interactions" | "property_interests" | "billing_records" | "transactions" | "activities"'.
  Overload 2 of 2, '(relation: "view_financial_metrics"): PostgrestQueryBuilder<{ PostgrestVersion: "12"; }, { Tables: { clients: { Row: { agent_id: string; client_type: string | null; created_at: string | null; email: string | null; ... 10 more ...; updated_at: string | null; }; Insert: { ...; }; Update: { ...; }; Relationships: [...]; }; ... 10 more ...; activities: { ...; }; }; Views: { ...; }; Functions: { ...; }; Enums: { ...; }; CompositeTypes: {}; }, { ...; }, "view_financial_metrics", []>', gave the following error.
    Argument of type '"agent_objectives"' is not assignable to parameter of type '"view_financial_metrics"'.
src/features/admin/actions/adminActions.ts(846,31): error TS2769: No overload matches this call.
  Overload 1 of 2, '(relation: "profiles" | "organizations" | "clients" | "property_types" | "property_statuses" | "properties" | "organization_addresses" | "client_interactions" | "property_interests" | "billing_records" | "transactions" | "activities"): PostgrestQueryBuilder<...>', gave the following error.
    Argument of type '"view_agent_progress"' is not assignable to parameter of type '"profiles" | "organizations" | "clients" | "property_types" | "property_statuses" | "properties" | "organization_addresses" | "client_interactions" | "property_interests" | "billing_records" | "transactions" | "activities"'.
  Overload 2 of 2, '(relation: "view_financial_metrics"): PostgrestQueryBuilder<{ PostgrestVersion: "12"; }, { Tables: { clients: { Row: { agent_id: string; client_type: string | null; created_at: string | null; email: string | null; ... 10 more ...; updated_at: string | null; }; Insert: { ...; }; Update: { ...; }; Relationships: [...]; }; ... 10 more ...; activities: { ...; }; }; Views: { ...; }; Functions: { ...; }; Enums: { ...; }; CompositeTypes: {}; }, { ...; }, "view_financial_metrics", []>', gave the following error.
    Argument of type '"view_agent_progress"' is not assignable to parameter of type '"view_financial_metrics"'.
src/features/admin/actions/adminActions.ts(888,38): error TS2769: No overload matches this call.
  Overload 1 of 2, '(relation: "profiles" | "organizations" | "clients" | "property_types" | "property_statuses" | "properties" | "organization_addresses" | "client_interactions" | "property_interests" | "billing_records" | "transactions" | "activities"): PostgrestQueryBuilder<...>', gave the following error.
    Argument of type '"view_team_objectives_summary"' is not assignable to parameter of type '"profiles" | "organizations" | "clients" | "property_types" | "property_statuses" | "properties" | "organization_addresses" | "client_interactions" | "property_interests" | "billing_records" | "transactions" | "activities"'.
  Overload 2 of 2, '(relation: "view_financial_metrics"): PostgrestQueryBuilder<{ PostgrestVersion: "12"; }, { Tables: { clients: { Row: { agent_id: string; client_type: string | null; created_at: string | null; email: string | null; ... 10 more ...; updated_at: string | null; }; Insert: { ...; }; Update: { ...; }; Relationships: [...]; }; ... 10 more ...; activities: { ...; }; }; Views: { ...; }; Functions: { ...; }; Enums: { ...; }; CompositeTypes: {}; }, { ...; }, "view_financial_metrics", []>', gave the following error.
    Argument of type '"view_team_objectives_summary"' is not assignable to parameter of type '"view_financial_metrics"'.
src/features/admin/components/FinanceCharts.tsx(81,33): error TS2322: Type '(value: number) => [string, "Deuda"]' is not assignable to type 'Formatter<number, "Deuda"> & ((value: number, name: "Deuda", item: Payload<number, "Deuda">, index: number, payload: Payload<number, "Deuda">[]) => ReactNode | [...])'.
  Type '(value: number) => [string, "Deuda"]' is not assignable to type 'Formatter<number, "Deuda">'.
    Types of parameters 'value' and 'value' are incompatible.
      Type 'number | undefined' is not assignable to type 'number'.
        Type 'undefined' is not assignable to type 'number'.
src/features/admin/hooks/useAdmin.ts(54,37): error TS7006: Parameter 'org' implicitly has an 'any' type.
src/features/admin/hooks/useAdmin.ts(55,63): error TS7006: Parameter 'b' implicitly has an 'any' type.
src/features/admin/hooks/useAdmin.ts(57,57): error TS7006: Parameter 'b' implicitly has an 'any' type.
src/features/admin/hooks/useAdmin.ts(100,22): error TS7006: Parameter 'p' implicitly has an 'any' type.
src/features/admin/hooks/useAdmin.ts(101,26): error TS7006: Parameter 'id' implicitly has an 'any' type.
src/features/admin/hooks/useAdmin.ts(113,37): error TS7006: Parameter 'p' implicitly has an 'any' type.
src/features/admin/hooks/useAdmin.ts(118,33): error TS7006: Parameter 'profile' implicitly has an 'any' type.
src/features/clients/actions/clientActions.ts(130,23): error TS2769: No overload matches this call.
  Overload 1 of 2, '(relation: "profiles" | "organizations" | "clients" | "property_types" | "property_statuses" | "properties" | "organization_addresses" | "client_interactions" | "property_interests" | "billing_records" | "transactions" | "activities"): PostgrestQueryBuilder<...>', gave the following error.
    Argument of type '"persons"' is not assignable to parameter of type '"profiles" | "organizations" | "clients" | "property_types" | "property_statuses" | "properties" | "organization_addresses" | "client_interactions" | "property_interests" | "billing_records" | "transactions" | "activities"'.
  Overload 2 of 2, '(relation: "view_financial_metrics"): PostgrestQueryBuilder<{ PostgrestVersion: "12"; }, { Tables: { clients: { Row: { agent_id: string; client_type: string | null; created_at: string | null; email: string | null; ... 10 more ...; updated_at: string | null; }; Insert: { ...; }; Update: { ...; }; Relationships: [...]; }; ... 10 more ...; activities: { ...; }; }; Views: { ...; }; Functions: { ...; }; Enums: { ...; }; CompositeTypes: {}; }, { ...; }, "view_financial_metrics", []>', gave the following error.
    Argument of type '"persons"' is not assignable to parameter of type '"view_financial_metrics"'.
src/features/clients/actions/clientActions.ts(180,23): error TS2769: No overload matches this call.
  Overload 1 of 2, '(relation: "profiles" | "organizations" | "clients" | "property_types" | "property_statuses" | "properties" | "organization_addresses" | "client_interactions" | "property_interests" | "billing_records" | "transactions" | "activities"): PostgrestQueryBuilder<...>', gave the following error.
    Argument of type '"persons"' is not assignable to parameter of type '"profiles" | "organizations" | "clients" | "property_types" | "property_statuses" | "properties" | "organization_addresses" | "client_interactions" | "property_interests" | "billing_records" | "transactions" | "activities"'.
  Overload 2 of 2, '(relation: "view_financial_metrics"): PostgrestQueryBuilder<{ PostgrestVersion: "12"; }, { Tables: { clients: { Row: { agent_id: string; client_type: string | null; created_at: string | null; email: string | null; ... 10 more ...; updated_at: string | null; }; Insert: { ...; }; Update: { ...; }; Relationships: [...]; }; ... 10 more ...; activities: { ...; }; }; Views: { ...; }; Functions: { ...; }; Enums: { ...; }; CompositeTypes: {}; }, { ...; }, "view_financial_metrics", []>', gave the following error.
    Argument of type '"persons"' is not assignable to parameter of type '"view_financial_metrics"'.
src/features/clients/actions/clientActions.ts(191,39): error TS2352: Conversion of type 'SelectQueryError<"Invalid Relationships cannot infer result type"> | SelectQueryError<"Invalid RelationName cannot infer result type">' to type 'Client' may be a mistake because neither type sufficiently overlaps with the other. If this was intentional, convert the expression to 'unknown' first.
  Type '{ error: true; } & String' is missing the following properties from type 'Client': id, organization_id, agent_id, first_name, and 17 more.
src/features/clients/actions/clientActions.ts(273,19): error TS2769: No overload matches this call.
  Overload 1 of 2, '(relation: "profiles" | "organizations" | "clients" | "property_types" | "property_statuses" | "properties" | "organization_addresses" | "client_interactions" | "property_interests" | "billing_records" | "transactions" | "activities"): PostgrestQueryBuilder<...>', gave the following error.
    Argument of type '"person_searches"' is not assignable to parameter of type '"profiles" | "organizations" | "clients" | "property_types" | "property_statuses" | "properties" | "organization_addresses" | "client_interactions" | "property_interests" | "billing_records" | "transactions" | "activities"'.
  Overload 2 of 2, '(relation: "view_financial_metrics"): PostgrestQueryBuilder<{ PostgrestVersion: "12"; }, { Tables: { clients: { Row: { agent_id: string; client_type: string | null; created_at: string | null; email: string | null; ... 10 more ...; updated_at: string | null; }; Insert: { ...; }; Update: { ...; }; Relationships: [...]; }; ... 10 more ...; activities: { ...; }; }; Views: { ...; }; Functions: { ...; }; Enums: { ...; }; CompositeTypes: {}; }, { ...; }, "view_financial_metrics", []>', gave the following error.
    Argument of type '"person_searches"' is not assignable to parameter of type '"view_financial_metrics"'.
src/features/clients/actions/clientActions.ts(441,23): error TS2769: No overload matches this call.
  Overload 1 of 2, '(relation: "profiles" | "organizations" | "clients" | "property_types" | "property_statuses" | "properties" | "organization_addresses" | "client_interactions" | "property_interests" | "billing_records" | "transactions" | "activities"): PostgrestQueryBuilder<...>', gave the following error.
    Argument of type '"view_anonymous_clients"' is not assignable to parameter of type '"profiles" | "organizations" | "clients" | "property_types" | "property_statuses" | "properties" | "organization_addresses" | "client_interactions" | "property_interests" | "billing_records" | "transactions" | "activities"'.
  Overload 2 of 2, '(relation: "view_financial_metrics"): PostgrestQueryBuilder<{ PostgrestVersion: "12"; }, { Tables: { clients: { Row: { agent_id: string; client_type: string | null; created_at: string | null; email: string | null; ... 10 more ...; updated_at: string | null; }; Insert: { ...; }; Update: { ...; }; Relationships: [...]; }; ... 10 more ...; activities: { ...; }; }; Views: { ...; }; Functions: { ...; }; Enums: { ...; }; CompositeTypes: {}; }, { ...; }, "view_financial_metrics", []>', gave the following error.
    Argument of type '"view_anonymous_clients"' is not assignable to parameter of type '"view_financial_metrics"'.
src/features/clients/actions/clientActions.ts(448,23): error TS2769: No overload matches this call.
  Overload 1 of 2, '(relation: "profiles" | "organizations" | "clients" | "property_types" | "property_statuses" | "properties" | "organization_addresses" | "client_interactions" | "property_interests" | "billing_records" | "transactions" | "activities"): PostgrestQueryBuilder<...>', gave the following error.
    Argument of type '"view_anonymous_clients"' is not assignable to parameter of type '"profiles" | "organizations" | "clients" | "property_types" | "property_statuses" | "properties" | "organization_addresses" | "client_interactions" | "property_interests" | "billing_records" | "transactions" | "activities"'.
  Overload 2 of 2, '(relation: "view_financial_metrics"): PostgrestQueryBuilder<{ PostgrestVersion: "12"; }, { Tables: { clients: { Row: { agent_id: string; client_type: string | null; created_at: string | null; email: string | null; ... 10 more ...; updated_at: string | null; }; Insert: { ...; }; Update: { ...; }; Relationships: [...]; }; ... 10 more ...; activities: { ...; }; }; Views: { ...; }; Functions: { ...; }; Enums: { ...; }; CompositeTypes: {}; }, { ...; }, "view_financial_metrics", []>', gave the following error.
    Argument of type '"view_anonymous_clients"' is not assignable to parameter of type '"view_financial_metrics"'.
src/features/clients/actions/clientActions.ts(558,19): error TS2769: No overload matches this call.
  Overload 1 of 2, '(relation: "profiles" | "organizations" | "clients" | "property_types" | "property_statuses" | "properties" | "organization_addresses" | "client_interactions" | "property_interests" | "billing_records" | "transactions" | "activities"): PostgrestQueryBuilder<...>', gave the following error.
    Argument of type '"person_searches"' is not assignable to parameter of type '"profiles" | "organizations" | "clients" | "property_types" | "property_statuses" | "properties" | "organization_addresses" | "client_interactions" | "property_interests" | "billing_records" | "transactions" | "activities"'.
  Overload 2 of 2, '(relation: "view_financial_metrics"): PostgrestQueryBuilder<{ PostgrestVersion: "12"; }, { Tables: { clients: { Row: { agent_id: string; client_type: string | null; created_at: string | null; email: string | null; ... 10 more ...; updated_at: string | null; }; Insert: { ...; }; Update: { ...; }; Relationships: [...]; }; ... 10 more ...; activities: { ...; }; }; Views: { ...; }; Functions: { ...; }; Enums: { ...; }; CompositeTypes: {}; }, { ...; }, "view_financial_metrics", []>', gave the following error.
    Argument of type '"person_searches"' is not assignable to parameter of type '"view_financial_metrics"'.
src/features/clients/actions/clientActions.ts(574,28): error TS2352: Conversion of type '({ id: string; organization_id: string; concept: string; amount: number; status: "pending" | "paid" | "overdue" | "cancelled" | "pending_review"; due_date: string; paid_at: string | null; ... 12 more ...; updated_at: string | null; } | ... 10 more ... | { ...; })[]' to type 'Client[]' may be a mistake because neither type sufficiently overlaps with the other. If this was intentional, convert the expression to 'unknown' first.
  Type '{ id: string; organization_id: string; concept: string; amount: number; status: "pending" | "paid" | "overdue" | "cancelled" | "pending_review"; due_date: string; paid_at: string | null; ... 12 more ...; updated_at: string | null; } | ... 10 more ... | { ...; }' is not comparable to type 'Client'.
    Type '{ agent_id: string; client_id: string | null; created_at: string | null; date: string; id: string; notes: string | null; organization_id: string; property_id: string | null; status: string; time: string | null; type: string; updated_at: string | null; }' is missing the following properties from type 'Client': first_name, last_name, email, phone, and 10 more.
src/features/crm/actions/personActions.ts(65,19): error TS2769: No overload matches this call.
  Overload 1 of 2, '(relation: "profiles" | "organizations" | "clients" | "property_types" | "property_statuses" | "properties" | "organization_addresses" | "client_interactions" | "property_interests" | "billing_records" | "transactions" | "activities"): PostgrestQueryBuilder<...>', gave the following error.
    Argument of type '"persons"' is not assignable to parameter of type '"profiles" | "organizations" | "clients" | "property_types" | "property_statuses" | "properties" | "organization_addresses" | "client_interactions" | "property_interests" | "billing_records" | "transactions" | "activities"'.
  Overload 2 of 2, '(relation: "view_financial_metrics"): PostgrestQueryBuilder<{ PostgrestVersion: "12"; }, { Tables: { clients: { Row: { agent_id: string; client_type: string | null; created_at: string | null; email: string | null; ... 10 more ...; updated_at: string | null; }; Insert: { ...; }; Update: { ...; }; Relationships: [...]; }; ... 10 more ...; activities: { ...; }; }; Views: { ...; }; Functions: { ...; }; Enums: { ...; }; CompositeTypes: {}; }, { ...; }, "view_financial_metrics", []>', gave the following error.
    Argument of type '"persons"' is not assignable to parameter of type '"view_financial_metrics"'.
src/features/crm/actions/personActions.ts(75,39): error TS2352: Conversion of type '({ id: string; organization_id: string; concept: string; amount: number; status: "pending" | "paid" | "overdue" | "cancelled" | "pending_review"; due_date: string; paid_at: string | null; ... 12 more ...; updated_at: string | null; } | ... 10 more ... | { ...; })[]' to type 'Person[]' may be a mistake because neither type sufficiently overlaps with the other. If this was intentional, convert the expression to 'unknown' first.
  Type '{ id: string; organization_id: string; concept: string; amount: number; status: "pending" | "paid" | "overdue" | "cancelled" | "pending_review"; due_date: string; paid_at: string | null; ... 12 more ...; updated_at: string | null; } | ... 10 more ... | { ...; }' is not comparable to type 'Person'.
    Type '{ agent_id: string; client_id: string | null; created_at: string | null; date: string; id: string; notes: string | null; organization_id: string; property_id: string | null; status: string; time: string | null; type: string; updated_at: string | null; }' is missing the following properties from type 'Person': first_name, last_name, phone, email, and 20 more.
src/features/crm/actions/personActions.ts(157,39): error TS2352: Conversion of type 'SelectQueryError<"Invalid Relationships cannot infer result type"> | SelectQueryError<"Invalid RelationName cannot infer result type">' to type 'Person' may be a mistake because neither type sufficiently overlaps with the other. If this was intentional, convert the expression to 'unknown' first.
  Type '{ error: true; } & String' is missing the following properties from type 'Person': id, organization_id, agent_id, first_name, and 25 more.
src/features/crm/actions/personActions.ts(418,39): error TS2352: Conversion of type '(SelectQueryError<"Invalid Relationships cannot infer result type"> | SelectQueryError<"Invalid RelationName cannot infer result type">)[]' to type 'Person[]' may be a mistake because neither type sufficiently overlaps with the other. If this was intentional, convert the expression to 'unknown' first.
  Type 'SelectQueryError<"Invalid Relationships cannot infer result type"> | SelectQueryError<"Invalid RelationName cannot infer result type">' is not comparable to type 'Person'.
    Type '{ error: true; } & String' is missing the following properties from type 'Person': id, organization_id, agent_id, first_name, and 25 more.
src/features/crm/actions/personActions.ts(432,19): error TS2769: No overload matches this call.
  Overload 1 of 2, '(relation: "profiles" | "organizations" | "clients" | "property_types" | "property_statuses" | "properties" | "organization_addresses" | "client_interactions" | "property_interests" | "billing_records" | "transactions" | "activities"): PostgrestQueryBuilder<...>', gave the following error.
    Argument of type '"persons"' is not assignable to parameter of type '"profiles" | "organizations" | "clients" | "property_types" | "property_statuses" | "properties" | "organization_addresses" | "client_interactions" | "property_interests" | "billing_records" | "transactions" | "activities"'.
  Overload 2 of 2, '(relation: "view_financial_metrics"): PostgrestQueryBuilder<{ PostgrestVersion: "12"; }, { Tables: { clients: { Row: { agent_id: string; client_type: string | null; created_at: string | null; email: string | null; ... 10 more ...; updated_at: string | null; }; Insert: { ...; }; Update: { ...; }; Relationships: [...]; }; ... 10 more ...; activities: { ...; }; }; Views: { ...; }; Functions: { ...; }; Enums: { ...; }; CompositeTypes: {}; }, { ...; }, "view_financial_metrics", []>', gave the following error.
    Argument of type '"persons"' is not assignable to parameter of type '"view_financial_metrics"'.
src/features/crm/actions/personActions.ts(454,19): error TS2769: No overload matches this call.
  Overload 1 of 2, '(relation: "profiles" | "organizations" | "clients" | "property_types" | "property_statuses" | "properties" | "organization_addresses" | "client_interactions" | "property_interests" | "billing_records" | "transactions" | "activities"): PostgrestQueryBuilder<...>', gave the following error.
    Argument of type '"person_searches"' is not assignable to parameter of type '"profiles" | "organizations" | "clients" | "property_types" | "property_statuses" | "properties" | "organization_addresses" | "client_interactions" | "property_interests" | "billing_records" | "transactions" | "activities"'.
  Overload 2 of 2, '(relation: "view_financial_metrics"): PostgrestQueryBuilder<{ PostgrestVersion: "12"; }, { Tables: { clients: { Row: { agent_id: string; client_type: string | null; created_at: string | null; email: string | null; ... 10 more ...; updated_at: string | null; }; Insert: { ...; }; Update: { ...; }; Relationships: [...]; }; ... 10 more ...; activities: { ...; }; }; Views: { ...; }; Functions: { ...; }; Enums: { ...; }; CompositeTypes: {}; }, { ...; }, "view_financial_metrics", []>', gave the following error.
    Argument of type '"person_searches"' is not assignable to parameter of type '"view_financial_metrics"'.
src/features/crm/actions/personActions.ts(476,19): error TS2769: No overload matches this call.
  Overload 1 of 2, '(relation: "profiles" | "organizations" | "clients" | "property_types" | "property_statuses" | "properties" | "organization_addresses" | "client_interactions" | "property_interests" | "billing_records" | "transactions" | "activities"): PostgrestQueryBuilder<...>', gave the following error.
    Argument of type '"persons"' is not assignable to parameter of type '"profiles" | "organizations" | "clients" | "property_types" | "property_statuses" | "properties" | "organization_addresses" | "client_interactions" | "property_interests" | "billing_records" | "transactions" | "activities"'.
  Overload 2 of 2, '(relation: "view_financial_metrics"): PostgrestQueryBuilder<{ PostgrestVersion: "12"; }, { Tables: { clients: { Row: { agent_id: string; client_type: string | null; created_at: string | null; email: string | null; ... 10 more ...; updated_at: string | null; }; Insert: { ...; }; Update: { ...; }; Relationships: [...]; }; ... 10 more ...; activities: { ...; }; }; Views: { ...; }; Functions: { ...; }; Enums: { ...; }; CompositeTypes: {}; }, { ...; }, "view_financial_metrics", []>', gave the following error.
    Argument of type '"persons"' is not assignable to parameter of type '"view_financial_metrics"'.
src/features/crm/actions/personActions.ts(543,19): error TS2769: No overload matches this call.
  Overload 1 of 2, '(relation: "profiles" | "organizations" | "clients" | "property_types" | "property_statuses" | "properties" | "organization_addresses" | "client_interactions" | "property_interests" | "billing_records" | "transactions" | "activities"): PostgrestQueryBuilder<...>', gave the following error.
    Argument of type '"persons"' is not assignable to parameter of type '"profiles" | "organizations" | "clients" | "property_types" | "property_statuses" | "properties" | "organization_addresses" | "client_interactions" | "property_interests" | "billing_records" | "transactions" | "activities"'.
  Overload 2 of 2, '(relation: "view_financial_metrics"): PostgrestQueryBuilder<{ PostgrestVersion: "12"; }, { Tables: { clients: { Row: { agent_id: string; client_type: string | null; created_at: string | null; email: string | null; ... 10 more ...; updated_at: string | null; }; Insert: { ...; }; Update: { ...; }; Relationships: [...]; }; ... 10 more ...; activities: { ...; }; }; Views: { ...; }; Functions: { ...; }; Enums: { ...; }; CompositeTypes: {}; }, { ...; }, "view_financial_metrics", []>', gave the following error.
    Argument of type '"persons"' is not assignable to parameter of type '"view_financial_metrics"'.
src/features/crm/actions/personActions.ts(550,39): error TS2352: Conversion of type '({ id: string; organization_id: string; concept: string; amount: number; status: "pending" | "paid" | "overdue" | "cancelled" | "pending_review"; due_date: string; paid_at: string | null; ... 12 more ...; updated_at: string | null; } | ... 10 more ... | { ...; })[]' to type 'Person[]' may be a mistake because neither type sufficiently overlaps with the other. If this was intentional, convert the expression to 'unknown' first.
  Type '{ id: string; organization_id: string; concept: string; amount: number; status: "pending" | "paid" | "overdue" | "cancelled" | "pending_review"; due_date: string; paid_at: string | null; ... 12 more ...; updated_at: string | null; } | ... 10 more ... | { ...; }' is not comparable to type 'Person'.
    Type '{ agent_id: string; client_id: string | null; created_at: string | null; date: string; id: string; notes: string | null; organization_id: string; property_id: string | null; status: string; time: string | null; type: string; updated_at: string | null; }' is missing the following properties from type 'Person': first_name, last_name, phone, email, and 20 more.
src/features/crm/actions/personActions.ts(563,19): error TS2769: No overload matches this call.
  Overload 1 of 2, '(relation: "profiles" | "organizations" | "clients" | "property_types" | "property_statuses" | "properties" | "organization_addresses" | "client_interactions" | "property_interests" | "billing_records" | "transactions" | "activities"): PostgrestQueryBuilder<...>', gave the following error.
    Argument of type '"persons"' is not assignable to parameter of type '"profiles" | "organizations" | "clients" | "property_types" | "property_statuses" | "properties" | "organization_addresses" | "client_interactions" | "property_interests" | "billing_records" | "transactions" | "activities"'.
  Overload 2 of 2, '(relation: "view_financial_metrics"): PostgrestQueryBuilder<{ PostgrestVersion: "12"; }, { Tables: { clients: { Row: { agent_id: string; client_type: string | null; created_at: string | null; email: string | null; ... 10 more ...; updated_at: string | null; }; Insert: { ...; }; Update: { ...; }; Relationships: [...]; }; ... 10 more ...; activities: { ...; }; }; Views: { ...; }; Functions: { ...; }; Enums: { ...; }; CompositeTypes: {}; }, { ...; }, "view_financial_metrics", []>', gave the following error.
    Argument of type '"persons"' is not assignable to parameter of type '"view_financial_metrics"'.
src/features/crm/actions/personActions.ts(570,39): error TS2352: Conversion of type '{ id: string; organization_id: string; concept: string; amount: number; status: "pending" | "paid" | "overdue" | "cancelled" | "pending_review"; due_date: string; paid_at: string | null; ... 12 more ...; updated_at: string | null; } | ... 10 more ... | { ...; }' to type 'Person' may be a mistake because neither type sufficiently overlaps with the other. If this was intentional, convert the expression to 'unknown' first.
  Type '{ agent_id: string; client_id: string | null; created_at: string | null; date: string; id: string; notes: string | null; organization_id: string; property_id: string | null; status: string; time: string | null; type: string; updated_at: string | null; }' is missing the following properties from type 'Person': first_name, last_name, phone, email, and 20 more.
src/features/crm/actions/personActions.ts(670,19): error TS2769: No overload matches this call.
  Overload 1 of 2, '(relation: "profiles" | "organizations" | "clients" | "property_types" | "property_statuses" | "properties" | "organization_addresses" | "client_interactions" | "property_interests" | "billing_records" | "transactions" | "activities"): PostgrestQueryBuilder<...>', gave the following error.
    Argument of type '"persons"' is not assignable to parameter of type '"profiles" | "organizations" | "clients" | "property_types" | "property_statuses" | "properties" | "organization_addresses" | "client_interactions" | "property_interests" | "billing_records" | "transactions" | "activities"'.
  Overload 2 of 2, '(relation: "view_financial_metrics"): PostgrestQueryBuilder<{ PostgrestVersion: "12"; }, { Tables: { clients: { Row: { agent_id: string; client_type: string | null; created_at: string | null; email: string | null; ... 10 more ...; updated_at: string | null; }; Insert: { ...; }; Update: { ...; }; Relationships: [...]; }; ... 10 more ...; activities: { ...; }; }; Views: { ...; }; Functions: { ...; }; Enums: { ...; }; CompositeTypes: {}; }, { ...; }, "view_financial_metrics", []>', gave the following error.
    Argument of type '"persons"' is not assignable to parameter of type '"view_financial_metrics"'.
src/features/dashboard/hooks/useDashboard.ts(54,49): error TS7006: Parameter 'sum' implicitly has an 'any' type.
src/features/dashboard/hooks/useDashboard.ts(54,54): error TS7006: Parameter 't' implicitly has an 'any' type.
src/features/dashboard/hooks/useDashboard.ts(55,49): error TS7006: Parameter 'sum' implicitly has an 'any' type.
src/features/dashboard/hooks/useDashboard.ts(55,54): error TS7006: Parameter 't' implicitly has an 'any' type.
src/features/objectives/hooks/useObjectives.ts(182,23): error TS2769: No overload matches this call.
  Overload 1 of 2, '(relation: "profiles" | "organizations" | "clients" | "property_types" | "property_statuses" | "properties" | "organization_addresses" | "client_interactions" | "property_interests" | "billing_records" | "transactions" | "activities"): PostgrestQueryBuilder<...>', gave the following error.
    Argument of type '"view_agent_progress_extended"' is not assignable to parameter of type '"profiles" | "organizations" | "clients" | "property_types" | "property_statuses" | "properties" | "organization_addresses" | "client_interactions" | "property_interests" | "billing_records" | "transactions" | "activities"'.
  Overload 2 of 2, '(relation: "view_financial_metrics"): PostgrestQueryBuilder<{ PostgrestVersion: "12"; }, { Tables: { clients: { Row: { agent_id: string; client_type: string | null; created_at: string | null; email: string | null; ... 10 more ...; updated_at: string | null; }; Insert: { ...; }; Update: { ...; }; Relationships: [...]; }; ... 10 more ...; activities: { ...; }; }; Views: { ...; }; Functions: { ...; }; Enums: { ...; }; CompositeTypes: {}; }, { ...; }, "view_financial_metrics", []>', gave the following error.
    Argument of type '"view_agent_progress_extended"' is not assignable to parameter of type '"view_financial_metrics"'.
src/features/objectives/hooks/useObjectives.ts(194,21): error TS2352: Conversion of type '({ id: string; organization_id: string; concept: string; amount: number; status: "pending" | "paid" | "overdue" | "cancelled" | "pending_review"; due_date: string; paid_at: string | null; ... 12 more ...; updated_at: string | null; } | ... 10 more ... | { ...; })[]' to type 'ViewAgentProgressExtended[]' may be a mistake because neither type sufficiently overlaps with the other. If this was intentional, convert the expression to 'unknown' first.
  Type '{ id: string; organization_id: string; concept: string; amount: number; status: "pending" | "paid" | "overdue" | "cancelled" | "pending_review"; due_date: string; paid_at: string | null; ... 12 more ...; updated_at: string | null; } | ... 10 more ... | { ...; }' is not comparable to type 'ViewAgentProgressExtended'.
    Type '{ agent_id: string; client_id: string | null; created_at: string | null; date: string; id: string; notes: string | null; organization_id: string; property_id: string | null; status: string; time: string | null; type: string; updated_at: string | null; }' is missing the following properties from type 'ViewAgentProgressExtended': first_name, last_name, default_split_percentage, objective_id, and 31 more.
src/features/team/actions/teamActions.ts(58,15): error TS2769: No overload matches this call.
  Overload 1 of 2, '(relation: "profiles" | "organizations" | "clients" | "property_types" | "property_statuses" | "properties" | "organization_addresses" | "client_interactions" | "property_interests" | "billing_records" | "transactions" | "activities"): PostgrestQueryBuilder<...>', gave the following error.
    Argument of type '"profile_supervisors"' is not assignable to parameter of type '"profiles" | "organizations" | "clients" | "property_types" | "property_statuses" | "properties" | "organization_addresses" | "client_interactions" | "property_interests" | "billing_records" | "transactions" | "activities"'.
  Overload 2 of 2, '(relation: "view_financial_metrics"): PostgrestQueryBuilder<{ PostgrestVersion: "12"; }, { Tables: { clients: { Row: { agent_id: string; client_type: string | null; created_at: string | null; email: string | null; ... 10 more ...; updated_at: string | null; }; Insert: { ...; }; Update: { ...; }; Relationships: [...]; }; ... 10 more ...; activities: { ...; }; }; Views: { ...; }; Functions: { ...; }; Enums: { ...; }; CompositeTypes: {}; }, { ...; }, "view_financial_metrics", []>', gave the following error.
    Argument of type '"profile_supervisors"' is not assignable to parameter of type '"view_financial_metrics"'.
src/features/transactions/actions/closings.ts(104,26): error TS2352: Conversion of type '{ id: string; organization_id: string; property_id: string | null; agent_id: string; transaction_date: string; actual_price: number; sides: number; commission_percentage: number; agent_split_percentage: number; ... 16 more ...; seller_person: SelectQueryError<...>; }[]' to type 'TransactionWithRelations[]' may be a mistake because neither type sufficiently overlaps with the other. If this was intentional, convert the expression to 'unknown' first.
  Type '{ id: string; organization_id: string; property_id: string | null; agent_id: string; transaction_date: string; actual_price: number; sides: number; commission_percentage: number; agent_split_percentage: number; ... 16 more ...; seller_person: SelectQueryError<...>; }' is missing the following properties from type 'TransactionWithRelations': buyer_person_id, seller_person_id, custom_property_title
src/features/weekly-activities/actions/activityActions.ts(259,29): error TS2352: Conversion of type 'SelectQueryError<"Invalid Relationships cannot infer result type"> | SelectQueryError<"Invalid RelationName cannot infer result type">' to type '{ role: string; organization_id: string; }' may be a mistake because neither type sufficiently overlaps with the other. If this was intentional, convert the expression to 'unknown' first.
  Type '{ error: true; } & String' is missing the following properties from type '{ role: string; organization_id: string; }': role, organization_id
src/features/weekly-activities/actions/activityActions.ts(260,31): error TS2352: Conversion of type 'SelectQueryError<"Invalid Relationships cannot infer result type"> | SelectQueryError<"Invalid RelationName cannot infer result type">' to type '{ organization_id: string; reports_to_organization_id: string | null; }' may be a mistake because neither type sufficiently overlaps with the other. If this was intentional, convert the expression to 'unknown' first.
  Type '{ error: true; } & String' is missing the following properties from type '{ organization_id: string; reports_to_organization_id: string | null; }': organization_id, reports_to_organization_id
